<?xml version="1.0" encoding="UTF-8"?>
<coverage generated="1565317708134" clover="3.2.0">
  <project timestamp="1565317708134" name="All files">
    <metrics statements="24" coveredstatements="23" conditionals="10" coveredconditionals="9" methods="7" coveredmethods="7" elements="41" coveredelements="39" complexity="0" loc="24" ncloc="24" packages="2" files="2" classes="2"/>
    <package name="anagram-generator">
      <metrics statements="8" coveredstatements="8" conditionals="4" coveredconditionals="4" methods="3" coveredmethods="3"/>
      <file name="index.js" path="/Users/jacobevans/personalProjects/experiments-and-research/experimental-modules/anagram-generator/index.js">
        <metrics statements="8" coveredstatements="8" conditionals="4" coveredconditionals="4" methods="3" coveredmethods="3"/>
        <line num="5" count="21" type="stmt"/>
        <line num="12" count="1" type="stmt"/>
        <line num="13" count="3" type="cond" truecount="2" falsecount="0"/>
        <line num="14" count="2" type="stmt"/>
        <line num="15" count="2" type="stmt"/>
        <line num="16" count="21" type="cond" truecount="2" falsecount="0"/>
        <line num="18" count="2" type="stmt"/>
        <line num="19" count="2" type="stmt"/>
      </file>
    </package>
    <package name="capitolize-first">
      <metrics statements="16" coveredstatements="15" conditionals="6" coveredconditionals="5" methods="4" coveredmethods="4"/>
      <file name="index.js" path="/Users/jacobevans/personalProjects/experiments-and-research/experimental-modules/capitolize-first/index.js">
        <metrics statements="16" coveredstatements="15" conditionals="6" coveredconditionals="5" methods="4" coveredmethods="4"/>
        <line num="1" count="1" type="stmt"/>
        <line num="2" count="1" type="stmt"/>
        <line num="4" count="41" type="stmt"/>
        <line num="6" count="1" type="stmt"/>
        <line num="7" count="46" type="cond" truecount="3" falsecount="1"/>
        <line num="9" count="2" type="stmt"/>
        <line num="10" count="2" type="stmt"/>
        <line num="12" count="5" type="stmt"/>
        <line num="13" count="5" type="stmt"/>
        <line num="15" count="39" type="stmt"/>
        <line num="16" count="39" type="stmt"/>
        <line num="18" count="0" type="stmt"/>
        <line num="27" count="1" type="stmt"/>
        <line num="28" count="1" type="stmt"/>
        <line num="29" count="2" type="stmt"/>
        <line num="32" count="1" type="stmt"/>
      </file>
    </package>
  </project>
</coverage>
