{"/Users/jacobevans/personalProjects/test-field/experimental-modules/anagram-generator/index.js": {"path":"/Users/jacobevans/personalProjects/test-field/experimental-modules/anagram-generator/index.js","statementMap":{"0":{"start":{"line":5,"column":27},"end":{"line":5,"column":70}},"1":{"start":{"line":5,"column":34},"end":{"line":5,"column":70}},"2":{"start":{"line":12,"column":23},"end":{"line":20,"column":1}},"3":{"start":{"line":13,"column":2},"end":{"line":13,"column":126}},"4":{"start":{"line":13,"column":31},"end":{"line":13,"column":126}},"5":{"start":{"line":14,"column":17},"end":{"line":14,"column":19}},"6":{"start":{"line":15,"column":21},"end":{"line":16,"column":72}},"7":{"start":{"line":16,"column":4},"end":{"line":16,"column":72}},"8":{"start":{"line":18,"column":2},"end":{"line":18,"column":34}},"9":{"start":{"line":19,"column":2},"end":{"line":19,"column":25}}},"fnMap":{"0":{"name":"(anonymous_0)","decl":{"start":{"line":5,"column":27},"end":{"line":5,"column":28}},"loc":{"start":{"line":5,"column":34},"end":{"line":5,"column":70}},"line":5},"1":{"name":"(anonymous_1)","decl":{"start":{"line":12,"column":23},"end":{"line":12,"column":24}},"loc":{"start":{"line":12,"column":30},"end":{"line":20,"column":1}},"line":12},"2":{"name":"(anonymous_2)","decl":{"start":{"line":15,"column":21},"end":{"line":15,"column":22}},"loc":{"start":{"line":16,"column":4},"end":{"line":16,"column":72}},"line":16}},"branchMap":{"0":{"loc":{"start":{"line":13,"column":2},"end":{"line":13,"column":126}},"type":"if","locations":[{"start":{"line":13,"column":2},"end":{"line":13,"column":126}},{"start":{"line":13,"column":2},"end":{"line":13,"column":126}}],"line":13},"1":{"loc":{"start":{"line":16,"column":4},"end":{"line":16,"column":72}},"type":"cond-expr","locations":[{"start":{"line":16,"column":34},"end":{"line":16,"column":50}},{"start":{"line":16,"column":53},"end":{"line":16,"column":72}}],"line":16}},"s":{"0":1,"1":21,"2":1,"3":3,"4":1,"5":2,"6":2,"7":21,"8":2,"9":2},"f":{"0":21,"1":3,"2":21},"b":{"0":[1,2],"1":[9,12]},"_coverageSchema":"43e27e138ebf9cfc5966b082cf9a028302ed4184","hash":"bae497ab7aacef3b1b75b6c74f71cc47086cd099"}
}
