{"/Users/jacobevans/personalProjects/experiments-and-research/experimental-modules/anagram-generator/index.js": {"path":"/Users/jacobevans/personalProjects/experiments-and-research/experimental-modules/anagram-generator/index.js","statementMap":{"0":{"start":{"line":5,"column":27},"end":{"line":5,"column":70}},"1":{"start":{"line":5,"column":34},"end":{"line":5,"column":70}},"2":{"start":{"line":12,"column":23},"end":{"line":20,"column":1}},"3":{"start":{"line":13,"column":2},"end":{"line":13,"column":126}},"4":{"start":{"line":13,"column":31},"end":{"line":13,"column":126}},"5":{"start":{"line":14,"column":17},"end":{"line":14,"column":19}},"6":{"start":{"line":15,"column":21},"end":{"line":16,"column":72}},"7":{"start":{"line":16,"column":4},"end":{"line":16,"column":72}},"8":{"start":{"line":18,"column":2},"end":{"line":18,"column":34}},"9":{"start":{"line":19,"column":2},"end":{"line":19,"column":25}}},"fnMap":{"0":{"name":"(anonymous_0)","decl":{"start":{"line":5,"column":27},"end":{"line":5,"column":28}},"loc":{"start":{"line":5,"column":34},"end":{"line":5,"column":70}},"line":5},"1":{"name":"(anonymous_1)","decl":{"start":{"line":12,"column":23},"end":{"line":12,"column":24}},"loc":{"start":{"line":12,"column":30},"end":{"line":20,"column":1}},"line":12},"2":{"name":"(anonymous_2)","decl":{"start":{"line":15,"column":21},"end":{"line":15,"column":22}},"loc":{"start":{"line":16,"column":4},"end":{"line":16,"column":72}},"line":16}},"branchMap":{"0":{"loc":{"start":{"line":13,"column":2},"end":{"line":13,"column":126}},"type":"if","locations":[{"start":{"line":13,"column":2},"end":{"line":13,"column":126}},{"start":{"line":13,"column":2},"end":{"line":13,"column":126}}],"line":13},"1":{"loc":{"start":{"line":16,"column":4},"end":{"line":16,"column":72}},"type":"cond-expr","locations":[{"start":{"line":16,"column":34},"end":{"line":16,"column":50}},{"start":{"line":16,"column":53},"end":{"line":16,"column":72}}],"line":16}},"s":{"0":1,"1":21,"2":1,"3":3,"4":1,"5":2,"6":2,"7":21,"8":2,"9":2},"f":{"0":21,"1":3,"2":21},"b":{"0":[1,2],"1":[5,16]},"_coverageSchema":"43e27e138ebf9cfc5966b082cf9a028302ed4184","hash":"4023f6c173543a94b748a4569ebf5003a25ac002"}
,"/Users/jacobevans/personalProjects/experiments-and-research/experimental-modules/capitolize-first/index.js": {"path":"/Users/jacobevans/personalProjects/experiments-and-research/experimental-modules/capitolize-first/index.js","statementMap":{"0":{"start":{"line":1,"column":20},"end":{"line":1,"column":46}},"1":{"start":{"line":2,"column":21},"end":{"line":2,"column":45}},"2":{"start":{"line":4,"column":18},"end":{"line":4,"column":52}},"3":{"start":{"line":4,"column":27},"end":{"line":4,"column":52}},"4":{"start":{"line":6,"column":22},"end":{"line":20,"column":1}},"5":{"start":{"line":7,"column":2},"end":{"line":19,"column":3}},"6":{"start":{"line":9,"column":6},"end":{"line":9,"column":27}},"7":{"start":{"line":10,"column":6},"end":{"line":10,"column":12}},"8":{"start":{"line":12,"column":6},"end":{"line":12,"column":33}},"9":{"start":{"line":13,"column":6},"end":{"line":13,"column":12}},"10":{"start":{"line":15,"column":6},"end":{"line":15,"column":27}},"11":{"start":{"line":16,"column":6},"end":{"line":16,"column":12}},"12":{"start":{"line":18,"column":6},"end":{"line":18,"column":12}},"13":{"start":{"line":27,"column":24},"end":{"line":30,"column":3}},"14":{"start":{"line":28,"column":2},"end":{"line":30,"column":3}},"15":{"start":{"line":29,"column":4},"end":{"line":29,"column":42}},"16":{"start":{"line":32,"column":0},"end":{"line":32,"column":43}}},"fnMap":{"0":{"name":"(anonymous_0)","decl":{"start":{"line":4,"column":18},"end":{"line":4,"column":19}},"loc":{"start":{"line":4,"column":27},"end":{"line":4,"column":52}},"line":4},"1":{"name":"(anonymous_1)","decl":{"start":{"line":6,"column":22},"end":{"line":6,"column":23}},"loc":{"start":{"line":6,"column":44},"end":{"line":20,"column":1}},"line":6},"2":{"name":"(anonymous_2)","decl":{"start":{"line":27,"column":24},"end":{"line":27,"column":25}},"loc":{"start":{"line":28,"column":2},"end":{"line":30,"column":3}},"line":28},"3":{"name":"(anonymous_3)","decl":{"start":{"line":28,"column":16},"end":{"line":28,"column":17}},"loc":{"start":{"line":29,"column":4},"end":{"line":29,"column":42}},"line":29}},"branchMap":{"0":{"loc":{"start":{"line":7,"column":2},"end":{"line":19,"column":3}},"type":"switch","locations":[{"start":{"line":8,"column":4},"end":{"line":10,"column":12}},{"start":{"line":11,"column":4},"end":{"line":13,"column":12}},{"start":{"line":14,"column":4},"end":{"line":16,"column":12}},{"start":{"line":17,"column":4},"end":{"line":18,"column":12}}],"line":7},"1":{"loc":{"start":{"line":8,"column":9},"end":{"line":8,"column":39}},"type":"binary-expr","locations":[{"start":{"line":8,"column":9},"end":{"line":8,"column":18}},{"start":{"line":8,"column":22},"end":{"line":8,"column":39}}],"line":8}},"s":{"0":1,"1":1,"2":1,"3":41,"4":1,"5":46,"6":2,"7":2,"8":5,"9":5,"10":39,"11":39,"12":0,"13":1,"14":1,"15":2,"16":1},"f":{"0":41,"1":46,"2":1,"3":2},"b":{"0":[2,5,39,0],"1":[46,2]},"_coverageSchema":"43e27e138ebf9cfc5966b082cf9a028302ed4184","hash":"f62ee650ab102d3fba52f6649290f00d127f47cf"}
}
