TN:
SF:/Users/jacobevans/personalProjects/experiments-and-research/experimental-modules/anagram-generator/index.js
FN:5,(anonymous_0)
FN:12,(anonymous_1)
FN:15,(anonymous_2)
FNF:3
FNH:3
FNDA:21,(anonymous_0)
FNDA:3,(anonymous_1)
FNDA:21,(anonymous_2)
DA:5,21
DA:12,1
DA:13,3
DA:14,2
DA:15,2
DA:16,21
DA:18,2
DA:19,2
LF:8
LH:8
BRDA:13,0,0,1
BRDA:13,0,1,2
BRDA:16,1,0,5
BRDA:16,1,1,16
BRF:4
BRH:4
end_of_record
TN:
SF:/Users/jacobevans/personalProjects/experiments-and-research/experimental-modules/capitolize-first/index.js
FN:4,(anonymous_0)
FN:6,(anonymous_1)
FN:27,(anonymous_2)
FN:28,(anonymous_3)
FNF:4
FNH:4
FNDA:41,(anonymous_0)
FNDA:46,(anonymous_1)
FNDA:1,(anonymous_2)
FNDA:2,(anonymous_3)
DA:1,1
DA:2,1
DA:4,41
DA:6,1
DA:7,46
DA:9,2
DA:10,2
DA:12,5
DA:13,5
DA:15,39
DA:16,39
DA:18,0
DA:27,1
DA:28,1
DA:29,2
DA:32,1
LF:16
LH:15
BRDA:7,0,0,2
BRDA:7,0,1,5
BRDA:7,0,2,39
BRDA:7,0,3,0
BRDA:8,1,0,46
BRDA:8,1,1,2
BRF:6
BRH:5
end_of_record
